c:\users\vixad\searches\escritorio\prácticas c++\practica4\tpv\practica3tpv\practica1-davidpatricia\debug\vc120.pdb
c:\users\vixad\searches\escritorio\prácticas c++\practica4\tpv\practica3tpv\practica1-davidpatricia\debug\vc120.idb
c:\users\vixad\searches\escritorio\prácticas c++\practica4\tpv\practica3tpv\practica1-davidpatricia\debug\gameover.obj
c:\users\vixad\searches\escritorio\prácticas c++\practica4\tpv\practica3tpv\practica1-davidpatricia\debug\globoa.obj
c:\users\vixad\searches\escritorio\prácticas c++\practica4\tpv\practica3tpv\practica1-davidpatricia\debug\globospg.obj
c:\users\vixad\searches\escritorio\prácticas c++\practica4\tpv\practica3tpv\practica1-davidpatricia\debug\juegopg.obj
c:\users\vixad\searches\escritorio\prácticas c++\practica4\tpv\practica3tpv\practica1-davidpatricia\debug\mainp1.obj
c:\users\vixad\searches\escritorio\prácticas c++\practica4\tpv\practica3tpv\practica1-davidpatricia\debug\mariposa.obj
c:\users\vixad\searches\escritorio\prácticas c++\practica4\tpv\practica3tpv\practica1-davidpatricia\debug\menupg.obj
c:\users\vixad\searches\escritorio\prácticas c++\practica4\tpv\practica3tpv\practica1-davidpatricia\debug\newfactory.obj
c:\users\vixad\searches\escritorio\prácticas c++\practica4\tpv\practica3tpv\practica1-davidpatricia\debug\objetopg.obj
c:\users\vixad\searches\escritorio\prácticas c++\practica4\tpv\practica3tpv\practica1-davidpatricia\debug\oldfactory.obj
c:\users\vixad\searches\escritorio\prácticas c++\practica4\tpv\practica3tpv\practica1-davidpatricia\debug\pausa.obj
c:\users\vixad\searches\escritorio\prácticas c++\practica4\tpv\practica3tpv\practica1-davidpatricia\debug\pbbfactory.obj
c:\users\vixad\searches\escritorio\prácticas c++\practica4\tpv\practica3tpv\practica1-davidpatricia\debug\pbbvm.obj
c:\users\vixad\searches\escritorio\prácticas c++\practica4\tpv\practica3tpv\practica1-davidpatricia\debug\pbbvmprog.obj
c:\users\vixad\searches\escritorio\prácticas c++\practica4\tpv\practica3tpv\practica1-davidpatricia\debug\playpg.obj
c:\users\vixad\searches\escritorio\prácticas c++\practica4\tpv\practica3tpv\practica1-davidpatricia\debug\premio.obj
c:\users\vixad\searches\escritorio\prácticas c++\practica4\tpv\practica3tpv\practica1-davidpatricia\debug\programmablebouncingball.obj
c:\users\vixad\searches\escritorio\prácticas c++\practica4\tpv\practica3tpv\practica1-davidpatricia\debug\sound_sdl.obj
c:\users\vixad\searches\escritorio\prácticas c++\practica4\tpv\practica3tpv\practica1-davidpatricia\debug\texturassdl.obj
c:\users\vixad\searches\escritorio\prácticas c++\practica4\tpv\practica3tpv\practica1-davidpatricia\debug\vago.obj
c:\users\vixad\searches\escritorio\prácticas c++\practica4\tpv\practica3tpv\practica1-davidpatricia\debug\boton.obj
c:\users\vixad\searches\escritorio\prácticas c++\practica4\tpv\practica3tpv\practica1-davidpatricia\debug\bouncing_ball.obj
c:\users\vixad\searches\escritorio\prácticas c++\practica4\tpv\practica3tpv\practica1-davidpatricia\debug\confpg.obj
c:\users\vixad\searches\escritorio\prácticas c++\practica4\tpv\practica3tpv\practica1-davidpatricia\debug\error.obj
c:\users\vixad\searches\escritorio\prácticas c++\practica4\tpv\practica3tpv\practica1-davidpatricia\debug\estadopg.obj
c:\users\vixad\searches\escritorio\prácticas c++\practica4\tpv\practica3tpv\practica1-davidpatricia\debug\fuente.obj
c:\users\vixad\searches\escritorio\prácticas c++\practica4\tpv\practica3tpv\bin\practica1-davidpatriciadebug.pdb
c:\users\vixad\searches\escritorio\prácticas c++\practica4\tpv\practica3tpv\bin\practica1-davidpatriciadebug.exe
c:\users\vixad\searches\escritorio\prácticas c++\practica4\tpv\practica3tpv\bin\practica1-davidpatriciadebug.ilk
c:\users\vixad\searches\escritorio\prácticas c++\practica4\tpv\practica3tpv\practica1-davidpatricia\debug\practica.9089f4ba.tlog\cl.command.1.tlog
c:\users\vixad\searches\escritorio\prácticas c++\practica4\tpv\practica3tpv\practica1-davidpatricia\debug\practica.9089f4ba.tlog\cl.read.1.tlog
c:\users\vixad\searches\escritorio\prácticas c++\practica4\tpv\practica3tpv\practica1-davidpatricia\debug\practica.9089f4ba.tlog\cl.write.1.tlog
c:\users\vixad\searches\escritorio\prácticas c++\practica4\tpv\practica3tpv\practica1-davidpatricia\debug\practica.9089f4ba.tlog\link.command.1.tlog
c:\users\vixad\searches\escritorio\prácticas c++\practica4\tpv\practica3tpv\practica1-davidpatricia\debug\practica.9089f4ba.tlog\link.read.1.tlog
c:\users\vixad\searches\escritorio\prácticas c++\practica4\tpv\practica3tpv\practica1-davidpatricia\debug\practica.9089f4ba.tlog\link.write.1.tlog
